<?xml version="1.0" encoding="UTF-8"?>
<testng-results skipped="0" failed="0" ignored="0" total="1" passed="1">
  <reporter-output>
  </reporter-output>
  <suite name="Default suite" duration-ms="35944" started-at="2018-07-25T11:15:47Z" finished-at="2018-07-25T11:16:23Z">
    <groups>
    </groups>
    <test name="Default test" duration-ms="35944" started-at="2018-07-25T11:15:47Z" finished-at="2018-07-25T11:16:23Z">
      <class name="tests.TC_1">
        <test-method status="PASS" signature="lauchApp()[pri:0, instance:tests.TC_1@6a4f787b]" name="lauchApp" is-config="true" duration-ms="23008" started-at="2018-07-25T11:15:47Z" finished-at="2018-07-25T11:16:10Z">
          <reporter-output>
          </reporter-output>
        </test-method> <!-- lauchApp -->
        <test-method status="PASS" signature="checkHomePage()[pri:0, instance:tests.TC_1@6a4f787b]" name="checkHomePage" duration-ms="12579" started-at="2018-07-25T11:16:10Z" finished-at="2018-07-25T11:16:22Z">
          <reporter-output>
          </reporter-output>
        </test-method> <!-- checkHomePage -->
        <test-method status="PASS" signature="exitApp()[pri:0, instance:tests.TC_1@6a4f787b]" name="exitApp" is-config="true" duration-ms="309" started-at="2018-07-25T11:16:22Z" finished-at="2018-07-25T11:16:23Z">
          <reporter-output>
          </reporter-output>
        </test-method> <!-- exitApp -->
      </class> <!-- tests.TC_1 -->
    </test> <!-- Default test -->
  </suite> <!-- Default suite -->
</testng-results>
